Traceback (most recent call last):
  File "/Users/patrickwalls/anaconda3/envs/jb/lib/python3.10/site-packages/jupyter_cache/executors/utils.py", line 58, in single_nb_execution
    executenb(
  File "/Users/patrickwalls/anaconda3/envs/jb/lib/python3.10/site-packages/nbclient/client.py", line 1305, in execute
    return NotebookClient(nb=nb, resources=resources, km=km, **kwargs).execute()
  File "/Users/patrickwalls/anaconda3/envs/jb/lib/python3.10/site-packages/jupyter_core/utils/__init__.py", line 166, in wrapped
    return loop.run_until_complete(inner)
  File "/Users/patrickwalls/anaconda3/envs/jb/lib/python3.10/asyncio/base_events.py", line 649, in run_until_complete
    return future.result()
  File "/Users/patrickwalls/anaconda3/envs/jb/lib/python3.10/site-packages/nbclient/client.py", line 705, in async_execute
    await self.async_execute_cell(
  File "/Users/patrickwalls/anaconda3/envs/jb/lib/python3.10/site-packages/nbclient/client.py", line 1058, in async_execute_cell
    await self._check_raise_for_error(cell, cell_index, exec_reply)
  File "/Users/patrickwalls/anaconda3/envs/jb/lib/python3.10/site-packages/nbclient/client.py", line 914, in _check_raise_for_error
    raise CellExecutionError.from_cell_and_msg(cell, exec_reply_content)
nbclient.exceptions.CellExecutionError: An error occurred while executing the following cell:
------------------
x = np.linspace(-2,2,200)

K1 = np.piecewise(x, [((x < 1) & (x>-1)),((x<=-1) & (x>=1))], [lambda x: 1-np.abs(x), lambda x: 0])
K2 = np.piecewise(x, [((x < 1) & (x>-1)),((x<=-1) & (x>=1))], [lambda x: 1/2, lambda x: 0])
K3 = 1/(np.sqrt(2*np.pi))*np.exp(-x**2/2)


plt.plot(x,K1,label = 'Triangular')
plt.plot(x,K2,label = 'Rectangular')
plt.plot(x,K3,label = 'Gaussian')
plt.legend()
plt.grid()
plt.show()
------------------


[0;31m---------------------------------------------------------------------------[0m
[0;31mNameError[0m                                 Traceback (most recent call last)
Cell [0;32mIn[1], line 1[0m
[0;32m----> 1[0m x [38;5;241m=[39m [43mnp[49m[38;5;241m.[39mlinspace([38;5;241m-[39m[38;5;241m2[39m,[38;5;241m2[39m,[38;5;241m200[39m)
[1;32m      3[0m K1 [38;5;241m=[39m np[38;5;241m.[39mpiecewise(x, [((x [38;5;241m<[39m [38;5;241m1[39m) [38;5;241m&[39m (x[38;5;241m>[39m[38;5;241m-[39m[38;5;241m1[39m)),((x[38;5;241m<[39m[38;5;241m=[39m[38;5;241m-[39m[38;5;241m1[39m) [38;5;241m&[39m (x[38;5;241m>[39m[38;5;241m=[39m[38;5;241m1[39m))], [[38;5;28;01mlambda[39;00m x: [38;5;241m1[39m[38;5;241m-[39mnp[38;5;241m.[39mabs(x), [38;5;28;01mlambda[39;00m x: [38;5;241m0[39m])
[1;32m      4[0m K2 [38;5;241m=[39m np[38;5;241m.[39mpiecewise(x, [((x [38;5;241m<[39m [38;5;241m1[39m) [38;5;241m&[39m (x[38;5;241m>[39m[38;5;241m-[39m[38;5;241m1[39m)),((x[38;5;241m<[39m[38;5;241m=[39m[38;5;241m-[39m[38;5;241m1[39m) [38;5;241m&[39m (x[38;5;241m>[39m[38;5;241m=[39m[38;5;241m1[39m))], [[38;5;28;01mlambda[39;00m x: [38;5;241m1[39m[38;5;241m/[39m[38;5;241m2[39m, [38;5;28;01mlambda[39;00m x: [38;5;241m0[39m])

[0;31mNameError[0m: name 'np' is not defined

