Traceback (most recent call last):
  File "/Users/patrickwalls/anaconda3/envs/jb/lib/python3.10/site-packages/jupyter_cache/executors/utils.py", line 58, in single_nb_execution
    executenb(
  File "/Users/patrickwalls/anaconda3/envs/jb/lib/python3.10/site-packages/nbclient/client.py", line 1305, in execute
    return NotebookClient(nb=nb, resources=resources, km=km, **kwargs).execute()
  File "/Users/patrickwalls/anaconda3/envs/jb/lib/python3.10/site-packages/jupyter_core/utils/__init__.py", line 166, in wrapped
    return loop.run_until_complete(inner)
  File "/Users/patrickwalls/anaconda3/envs/jb/lib/python3.10/asyncio/base_events.py", line 649, in run_until_complete
    return future.result()
  File "/Users/patrickwalls/anaconda3/envs/jb/lib/python3.10/site-packages/nbclient/client.py", line 705, in async_execute
    await self.async_execute_cell(
  File "/Users/patrickwalls/anaconda3/envs/jb/lib/python3.10/site-packages/nbclient/client.py", line 1058, in async_execute_cell
    await self._check_raise_for_error(cell, cell_index, exec_reply)
  File "/Users/patrickwalls/anaconda3/envs/jb/lib/python3.10/site-packages/nbclient/client.py", line 914, in _check_raise_for_error
    raise CellExecutionError.from_cell_and_msg(cell, exec_reply_content)
nbclient.exceptions.CellExecutionError: An error occurred while executing the following cell:
------------------
sigma = lambda x,W,b: 1/(1 + np.exp(-(W*x + b)))
C = lambda W,b: np.sum((y - sigma(x,W,b))**2)
num = 50; alpha = 0.5;
WC = 1; bC = 1;
for n in range(num):
    terms = sigma(x,WC,bC)*(1 - sigma(x,WC,bC))*(y - sigma(x,WC,bC))
    dCdW = -2*np.sum(x*terms)
    dCdb = -2*np.sum(terms)
    WC = WC - alpha*dCdW
    bC = bC - alpha*dCdb
    if n%5 == 0:
        print("n =",n,"Cost =",C(WC,bC),"WC =",WC,"bC =",bC)
------------------


[0;31m---------------------------------------------------------------------------[0m
[0;31mNameError[0m                                 Traceback (most recent call last)
Cell [0;32mIn[2], line 6[0m
[1;32m      4[0m WC [38;5;241m=[39m [38;5;241m1[39m; bC [38;5;241m=[39m [38;5;241m1[39m;
[1;32m      5[0m [38;5;28;01mfor[39;00m n [38;5;129;01min[39;00m [38;5;28mrange[39m(num):
[0;32m----> 6[0m     terms [38;5;241m=[39m sigma([43mx[49m,WC,bC)[38;5;241m*[39m([38;5;241m1[39m [38;5;241m-[39m sigma(x,WC,bC))[38;5;241m*[39m(y [38;5;241m-[39m sigma(x,WC,bC))
[1;32m      7[0m     dCdW [38;5;241m=[39m [38;5;241m-[39m[38;5;241m2[39m[38;5;241m*[39mnp[38;5;241m.[39msum(x[38;5;241m*[39mterms)
[1;32m      8[0m     dCdb [38;5;241m=[39m [38;5;241m-[39m[38;5;241m2[39m[38;5;241m*[39mnp[38;5;241m.[39msum(terms)

[0;31mNameError[0m: name 'x' is not defined

